SF:lib/core/failure.dart
DA:6,6
DA:7,6
DA:12,1
DA:18,1
DA:24,0
LF:5
LH:4
end_of_record
SF:lib/core/util/date_convert.dart
DA:6,1
DA:7,2
DA:12,2
DA:13,4
DA:14,2
DA:15,4
DA:17,4
DA:18,4
DA:19,8
DA:21,0
DA:24,0
DA:26,4
DA:28,1
DA:29,2
DA:31,0
DA:34,4
LF:16
LH:13
end_of_record
SF:lib/features/apod/data/models/apod_model.dart
DA:4,2
DA:15,2
DA:16,1
DA:17,2
DA:18,1
DA:19,1
DA:20,1
DA:21,1
DA:22,1
DA:23,1
DA:24,1
DA:27,2
DA:28,1
DA:29,1
DA:30,1
DA:31,1
DA:32,1
DA:33,1
DA:34,1
DA:35,1
DA:36,1
LF:21
LH:21
end_of_record
SF:lib/features/apod/domain/entities/apod.dart
DA:16,8
DA:28,8
DA:29,8
DA:30,8
DA:31,8
DA:32,8
DA:33,8
DA:34,8
DA:35,8
DA:36,8
DA:37,8
DA:38,8
LF:12
LH:12
end_of_record
SF:lib/features/apod/domain/usecases/get_apod_by_date_range.dart
DA:11,1
DA:13,1
DA:16,4
DA:18,1
DA:19,1
DA:20,0
DA:21,0
DA:23,2
DA:24,2
DA:27,1
LF:10
LH:8
end_of_record
SF:lib/core/util/network_info.dart
DA:13,1
DA:15,1
DA:16,2
LF:3
LH:3
end_of_record
SF:lib/features/apod/data/datasources/apod_remote_data_source_impl.dart
DA:21,1
DA:23,1
DA:26,1
DA:27,2
DA:28,1
DA:33,1
DA:36,4
DA:37,1
DA:42,1
DA:45,3
DA:46,1
DA:51,1
DA:54,3
DA:55,1
DA:60,1
DA:64,3
DA:66,1
DA:71,1
DA:73,1
DA:76,1
DA:78,1
DA:80,1
DA:82,1
DA:83,1
DA:85,1
DA:87,5
DA:92,1
DA:93,1
DA:95,1
DA:96,1
DA:97,1
DA:104,1
DA:107,5
DA:109,1
DA:112,2
DA:113,3
DA:114,1
DA:116,1
DA:120,1
DA:123,5
DA:125,1
DA:128,2
DA:129,3
DA:130,4
DA:132,1
LF:45
LH:45
end_of_record
SF:lib/features/apod/data/repositories/apod_repository_impl.dart
DA:13,1
DA:16,1
DA:18,1
DA:19,3
DA:22,1
DA:24,4
DA:27,1
DA:29,4
DA:32,1
DA:34,2
DA:36,1
DA:37,2
DA:38,1
DA:39,1
DA:42,2
DA:46,1
DA:48,4
DA:51,1
DA:54,1
DA:55,3
DA:58,1
DA:60,2
DA:62,1
DA:63,5
DA:64,1
DA:65,1
DA:68,2
LF:27
LH:27
end_of_record
SF:lib/features/apod/domain/usecases/fetch_apod.dart
DA:11,1
DA:13,1
DA:15,2
LF:3
LH:3
end_of_record
SF:lib/features/apod/domain/usecases/get_apod_from_date.dart
DA:11,1
DA:13,1
DA:15,2
LF:3
LH:3
end_of_record
SF:lib/features/apod/domain/usecases/get_random_apod.dart
DA:10,1
DA:12,1
DA:14,2
LF:3
LH:3
end_of_record
SF:lib/features/apod/domain/usecases/get_today_apod.dart
DA:11,1
DA:13,1
DA:15,2
LF:3
LH:3
end_of_record
SF:lib/features/apod/presentation/bloc/apod_bloc.dart
DA:24,1
DA:30,4
DA:38,3
DA:39,3
DA:41,1
DA:42,3
DA:44,1
DA:45,6
DA:46,5
DA:47,4
DA:48,1
DA:49,6
DA:50,5
DA:51,4
DA:55,1
DA:56,4
DA:59,1
DA:60,4
DA:63,1
DA:64,4
DA:67,4
DA:68,5
DA:69,4
LF:23
LH:23
end_of_record
SF:lib/features/apod/presentation/bloc/apod_event.dart
DA:4,2
DA:6,0
DA:7,0
DA:17,1
DA:19,0
DA:20,0
DA:28,1
DA:30,0
DA:31,0
LF:9
LH:3
end_of_record
SF:lib/features/apod/presentation/bloc/apod_state.dart
DA:4,2
DA:6,1
DA:7,1
DA:17,1
DA:19,1
DA:20,2
DA:26,2
DA:28,1
DA:29,2
DA:35,1
DA:37,1
DA:38,2
LF:12
LH:12
end_of_record
