SF:lib/core/failure.dart
DA:6,11
DA:7,11
DA:12,1
DA:18,1
DA:24,0
DA:30,0
DA:36,0
DA:42,1
LF:8
LH:5
end_of_record
SF:lib/core/util/date_convert.dart
DA:6,2
DA:7,4
DA:12,2
DA:13,4
DA:14,2
DA:15,4
DA:17,4
DA:18,4
DA:19,8
DA:21,0
DA:24,0
DA:26,4
DA:28,1
DA:29,2
DA:31,0
DA:34,4
LF:16
LH:13
end_of_record
SF:lib/features/apod/data/models/apod_model.dart
DA:4,4
DA:15,4
DA:16,2
DA:17,4
DA:18,2
DA:19,2
DA:20,2
DA:21,2
DA:22,2
DA:23,2
DA:24,2
DA:27,2
DA:28,1
DA:29,1
DA:30,1
DA:31,1
DA:32,1
DA:33,1
DA:34,1
DA:35,1
DA:36,1
DA:39,2
DA:40,1
DA:41,2
DA:42,1
DA:43,1
DA:44,1
DA:45,1
DA:46,1
DA:47,1
DA:48,1
DA:51,4
DA:52,2
DA:53,2
DA:54,2
DA:55,2
DA:56,2
DA:57,2
DA:58,2
DA:59,2
DA:60,2
LF:41
LH:41
end_of_record
SF:lib/features/apod/domain/entities/apod.dart
DA:16,12
DA:28,11
DA:29,11
DA:30,11
DA:31,11
DA:32,11
DA:33,11
DA:34,11
DA:35,11
DA:36,11
DA:37,11
DA:38,11
LF:12
LH:12
end_of_record
SF:lib/features/apod/domain/usecases/fetch_apod.dart
DA:11,1
DA:13,1
DA:15,2
LF:3
LH:3
end_of_record
SF:lib/core/util/network_info.dart
DA:13,1
DA:15,1
DA:16,2
LF:3
LH:3
end_of_record
SF:lib/core/success_return.dart
DA:6,4
DA:7,8
DA:12,4
DA:18,3
LF:4
LH:4
end_of_record
SF:lib/features/apod/data/datasources/apod_local_data_source_impl.dart
DA:15,1
DA:17,1
DA:20,3
DA:22,1
DA:26,1
DA:29,2
DA:31,1
DA:32,2
DA:33,2
DA:35,3
DA:40,1
DA:44,1
DA:47,3
DA:48,1
DA:50,1
DA:54,1
DA:57,2
DA:58,3
DA:59,2
DA:60,1
DA:62,1
LF:21
LH:21
end_of_record
SF:lib/features/apod/data/datasources/apod_remote_data_source_impl.dart
DA:14,1
DA:16,1
DA:19,1
DA:20,2
DA:21,1
DA:26,1
DA:29,4
DA:30,1
DA:35,1
DA:38,3
DA:39,1
DA:44,1
DA:47,3
DA:48,1
DA:53,1
DA:57,3
DA:59,1
DA:64,1
DA:66,1
DA:69,1
DA:71,2
DA:73,1
DA:75,1
DA:76,1
DA:78,1
DA:80,5
DA:85,1
DA:86,1
DA:88,1
DA:89,1
DA:90,1
DA:97,1
DA:100,5
DA:102,1
DA:105,2
DA:106,3
DA:107,1
DA:109,1
DA:113,1
DA:116,5
DA:118,1
DA:121,2
DA:122,3
DA:123,4
DA:125,1
LF:45
LH:45
end_of_record
SF:lib/environment.dart
DA:9,1
LF:1
LH:1
end_of_record
SF:lib/features/apod/data/repositories/apod_local_repository_impl.dart
DA:12,1
DA:14,1
DA:16,4
DA:19,1
DA:22,2
DA:23,5
DA:24,1
DA:25,1
DA:29,1
DA:31,4
DA:34,1
DA:36,1
DA:37,4
DA:40,1
DA:43,2
DA:44,1
DA:45,1
LF:17
LH:17
end_of_record
SF:lib/features/apod/data/repositories/apod_repository_impl.dart
DA:13,1
DA:16,1
DA:18,1
DA:19,3
DA:22,1
DA:24,4
DA:27,1
DA:29,4
DA:32,1
DA:34,2
DA:36,1
DA:37,2
DA:38,1
DA:39,1
DA:42,2
DA:46,1
DA:48,4
DA:51,1
DA:54,1
DA:55,3
DA:58,1
DA:60,2
DA:62,1
DA:63,5
DA:64,1
DA:65,1
DA:68,2
LF:27
LH:27
end_of_record
SF:lib/features/apod/domain/usecases/apod_is_save.dart
DA:9,1
DA:11,1
DA:13,2
LF:3
LH:3
end_of_record
SF:lib/features/apod/domain/usecases/get_all_apod_save.dart
DA:10,1
DA:12,1
DA:14,2
LF:3
LH:3
end_of_record
SF:lib/features/apod/domain/usecases/get_apod_by_date_range.dart
DA:11,1
DA:13,1
DA:16,4
DA:18,1
DA:19,1
DA:20,0
DA:21,0
DA:23,2
DA:24,2
DA:27,1
LF:10
LH:8
end_of_record
SF:lib/features/apod/domain/usecases/get_apod_from_date.dart
DA:11,1
DA:13,1
DA:15,2
LF:3
LH:3
end_of_record
SF:lib/features/apod/domain/usecases/get_random_apod.dart
DA:10,1
DA:12,1
DA:14,2
LF:3
LH:3
end_of_record
SF:lib/features/apod/domain/usecases/get_today_apod.dart
DA:11,1
DA:13,1
DA:15,2
LF:3
LH:3
end_of_record
SF:lib/features/apod/domain/usecases/remove_save_apod.dart
DA:10,1
DA:12,1
DA:14,2
LF:3
LH:3
end_of_record
SF:lib/features/apod/domain/usecases/save_apod.dart
DA:11,1
DA:13,1
DA:15,2
LF:3
LH:3
end_of_record
SF:lib/features/apod/presentation/bloc/apod_bloc.dart
DA:32,1
DA:42,4
DA:50,3
DA:51,3
DA:53,1
DA:54,3
DA:56,1
DA:57,6
DA:58,5
DA:59,4
DA:60,1
DA:61,6
DA:62,5
DA:63,4
DA:64,1
DA:65,6
DA:66,5
DA:67,4
DA:68,1
DA:69,6
DA:70,0
DA:71,4
DA:72,1
DA:73,6
DA:74,5
DA:75,1
DA:76,4
DA:77,1
DA:78,6
DA:79,5
DA:80,1
DA:81,4
DA:85,1
DA:86,4
DA:89,1
DA:90,4
DA:93,1
DA:94,4
DA:97,4
DA:98,5
DA:99,4
LF:41
LH:40
end_of_record
SF:lib/features/apod/presentation/bloc/apod_event.dart
DA:4,2
DA:6,0
DA:7,0
DA:17,1
DA:19,0
DA:20,0
DA:28,1
DA:30,0
DA:31,0
DA:37,1
DA:39,0
DA:40,0
DA:48,1
DA:50,0
DA:51,0
DA:57,1
DA:59,0
DA:60,0
LF:18
LH:6
end_of_record
SF:lib/features/apod/presentation/bloc/apod_state.dart
DA:4,2
DA:6,1
DA:7,1
DA:17,1
DA:19,1
DA:20,2
DA:26,2
DA:28,1
DA:29,2
DA:35,1
DA:37,1
DA:38,2
DA:44,1
DA:46,1
DA:47,2
DA:53,2
DA:55,1
DA:56,2
LF:18
LH:18
end_of_record
